[Bootstrap]
SetupTitle=Install
SetupText=Copying Files, please stand by.
CabFile=GPJAnnotator.CAB
Spawn=Setup1.exe
Uninstal=st6unst.exe
TmpDir=msftqws.pdw
Cabs=1

[Bootstrap Files]
File1=@VB6STKIT.DLL,$(WinSysPathSysFile),,,7/15/00 12:00:00 AM,101888,6.0.84.50
File2=@COMCAT.DLL,$(WinSysPathSysFile),$(DLLSelfRegister),,5/31/98 12:00:00 AM,22288,4.71.1460.1
File3=@STDOLE2.TLB,$(WinSysPathSysFile),$(TLBRegister),,6/3/99 12:00:00 AM,17920,2.40.4275.1
File4=@oleaut32.dll,$(WinSysPathSysFile),$(DLLSelfRegister),,12/4/07 2:38:13 PM,550912,5.1.2600.3266
File5=@ASYCFILT.DLL,$(WinSysPathSysFile),,,3/8/99 12:00:00 AM,147728,2.40.4275.1
File6=@OLEPRO32.DLL,$(WinSysPathSysFile),$(DLLSelfRegister),,3/8/99 12:00:00 AM,164112,5.0.4275.1
File7=@MSVBVM60.DLL,$(WinSysPathSysFile),$(DLLSelfRegister),,2/23/04 8:42:40 PM,1386496,6.0.97.82

[IconGroups]
Group0=GPJ Applications
PrivateGroup0=0
Parent0=$(Programs)

[GPJ Applications]
Icon1="GPJAnnotator.exe"
Title1=GPJ Annotator
StartIn1=$(AppPath)

[Setup]
Title=GPJAnnotator
DefaultDir=$(ProgramFiles)\GPJAnnotator2
AppExe=GPJAnnotator.exe
AppToUninstall=GPJAnnotator.exe

[Setup1 Files]
File1=@aghypertext.ocx,$(WinSysPath),$(DLLSelfRegister),$(Shared),7/16/00 9:22:32 PM,57344,1.0.0.57
File2=@mscomct2.ocx,$(WinSysPath),$(DLLSelfRegister),$(Shared),10/10/08 2:36:32 PM,656200,6.1.98.12
File3=@MSCAL.OCX,$(WinSysPath),$(DLLSelfRegister),$(Shared),7/15/03 3:14:00 AM,125496,11.0.5510.0
File4=@RICHED32.DLL,$(WinSysPathSysFile),,,5/7/98 12:00:00 AM,174352,4.0.993.4
File5=@Richtx32.ocx,$(WinSysPath),$(DLLSelfRegister),$(Shared),5/22/00 12:00:00 AM,203976,6.0.88.4
File6=@TABCTL32.OCX,$(WinSysPath),$(DLLSelfRegister),$(Shared),12/6/00 12:00:00 AM,209608,6.0.90.43
File7=@comdlg32.ocx,$(WinSysPath),$(DLLSelfRegister),$(Shared),5/23/03 9:06:43 AM,198656,6.0.88.77
File8=@MSFLXGRD.OCX,$(WinSysPath),$(DLLSelfRegister),$(Shared),5/22/00 5:58:12 PM,244416,6.0.84.18
File9=@MSCOMCTL.OCX,$(WinSysPath),$(DLLSelfRegister),$(Shared),12/20/02 2:02:44 PM,1077336,6.1.95.45
File10=@ACTIVEDS.TLB,$(WinSysPath),$(DLLSelfRegister),$(Shared),8/29/02 6:00:00 AM,111104,5.1.2600.0
File11=@XpdfViewerCtrl.ocx,$(WinSysPath),$(DLLSelfRegister),$(Shared),7/6/05 3:45:10 PM,1611552,3.0.31.0
File12=@domobj.tlb,$(WinSysPath),$(TLBRegister),$(Shared),1/9/04 3:35:20 AM,212892,0.0.0.0
File13=@msvcrt.dll,$(WinSysPathSysFile),,,8/4/04 3:56:43 AM,343040,7.0.2600.2180
File14=@scrrun.dll,$(WinSysPath),$(DLLSelfRegister),$(Shared),8/4/04 3:56:44 AM,151552,5.6.0.8820
File15=@wmp.dll,$(WinSysPath),$(DLLSelfRegister),$(Shared),7/13/09 10:08:12 AM,5537792,10.0.0.4074
File16=@VBCore.dll,$(WinSysPath),$(DLLSelfRegister),$(Shared),6/14/97 8:15:50 AM,643584,1.0.0.0
File17=@imagr5.dll,$(WinSysPath),,$(Shared),7/6/01 1:41:30 PM,569344,5.0.0.304
File18=@picn20.dll,$(WinSysPath),,$(Shared),2/10/02 2:58:44 PM,42496,1.0.0.72
File19=@imagx5.dll,$(WinSysPath),,$(Shared),7/6/01 11:44:46 AM,544768,1.0.0.0
File20=@ImagXpr5.dll,$(WinSysPath),$(DLLSelfRegister),$(Shared),7/6/01 5:24:18 PM,283920,1.0.0.0
File21=@ieframe.dll,$(WinSysPath),$(DLLSelfRegister),$(Shared),5/6/10 6:41:49 AM,11076096,8.0.6001.18928
File22=@avviewx.dll,$(WinSysPath),,$(Shared),10/30/99 2:36:02 PM,299008,2000.15.42.129
File23=@msado25.tlb,$(WinSysPath),,$(Shared),8/4/04 1:21:43 AM,81920,2.81.1117.0
File24=@GPJAnnotator.exe,$(AppPath),,,9/14/10 4:19:55 PM,12103680,1.0.0.327

; The following lines may be deleted in order to obtain extra 
; space for customizing this file on a full installation diskette.
; 
; XXXXXXXXXXXXXXXXXXXXXXXXXXXXXXXXXXXXXXXXXXXXXXXXXXXXXXXXXXXX
; XXXXXXXXXXXXXXXXXXXXXXXXXXXXXXXXXXXXXXXXXXXXXXXXXXXXXXXXXXXX
; XXXXXXXXXXXXXXXXXXXXXXXXXXXXXXXXXXXXXXXXXXXXXXXXXXXXXXXXXXXX
; XXXXXXXXXXXXXXXXXXXXXXXXXXXXXXXXXXXXXXXXXXXXXXXXXXXXXXXXXXXX
; XXXXXXXXXXXXXXXXXXXXXXXXXXXXXXXXXXXXXXXXXXXXXXXXXXXXXXXXXXXX
; XXXXXXXXXXXXXXXXXXXXXXXXXXXXXXXXXXXXXXXXXXXXXXXXXXXXXXXXXXXX
; XXXXXXXXXXXXXXXXXXXXXXXXXXXXXXXXXXXXXXXXXXXXXXXXXXXXXXXXXXXX
; XXXXXXXXXXXXXXXXXXXXXXXXXXXXXXXXXXXXXXXXXXXXXXXXXXXXXXXXXXXX
; XXXXXXXXXXXXXXXXXXXXXXXXXXXXXXXXXXXXXXXXXXXXXXXXXXXXXXXXXXXX
; XXXXXXXXXXXXXXXXXXXXXXXXXXXXXXXXXXXXXXXXXXXXXXXXXXXXXXXXXXXX
; XXXXXXXXXXXXXXXXXXXXXXXXXXXXXXXXXXXXXXXXXXXXXXXXXXXXXXXXXXXX
; XXXXXXXXXXXXXXXXXXXXXXXXXXXXXXXXXXXXXXXXXXXXXXXXXXXXXXXXXXXX
; XXXXXXXXXXXXXXXXXXXXXXXXXXXXXXXXXXXXXXXXXXXXXXXXXXXXXXXXXXXX
; XXXXXXXXXXXXXXXXXXXXXXXXXXXXXXXXXXXXXXXXXXXXXXXXXXXXXXXXXXXX
; XXXXXXXXXXXXXXXXXXXXXXXXXXXXXXXXXXXXXXXXXXXXXXXXXXXXXXXXXXXX
; XXXXXXXXXXXXXXXXXXXXXXXXXXXXXXXXXXXXXXXXXXXXXXXXXXXXXXXXXXXX
; XXXXXXXXXXXXXXXXXXXXXXXXXXXXXXXXXXXXXXXXXXXXXXXXXXXXXXXXXXXX
; XXXXXXXXXXXXXXXXXXXXXXXXXXXXXXXXXXXXXXXXXXXXXXXXXXXXXXXXXXXX
; XXXXXXXXXXXXXXXXXXXXXXXXXXXXXXXXXXXXXXXXXXXXXXXXXXXXXXXXXXXX
; XXXXXXXXXXXXXXXXXXXXXXXXXXXXXXXXXXXXXXXXXXXXXXXXXXXXXXXXXXXX
; XXXXXXXXXXXXXXXXXXXXXXXXXXXXXXXXXXXXXXXXXXXXXXXXXXXXXXXXXXXX
; XXXXXXXXXXXXXXXXXXXXXXXXXXXXXXXXXXXXXXXXXXXXXXXXXXXXXXXXXXXX
; XXXXXXXXXXXXXXXXXXXXXXXXXXXXXXXXXXXXXXXXXXXXXXXXXXXXXXXXXXXX
; XXXXXXXXXXXXXXXXXXXXXXXXXXXXXXXXXXXXXXXXXXXXXXXXXXXXXXXXXXXX
; XXXXXXXXXXXXXXXXXXXXXXXXXXXXXXXXXXXXXXXXXXXXXXXXXXXXXXXXXXXX
; XXXXXXXXXXXXXXXXXXXXXXXXXXXXXXXXXXXXXXXXXXXXXXXXXXXXXXXXXXXX
; XXXXXXXXXXXXXXXXXXXXXXXXXXXXXXXXXXXXXXXXXXXXXXXXXXXXXXXXXXXX
; XXXXXXXXXXXXXXXXXXXXXXXXXXXXXXXXXXXXXXXXXXXXXXXXXXXXXXXXXXXX
; XXXXXXXXXXXXXXXXXXXXXXXXXXXXXXXXXXXXXXXXXXXXXXXXXXXXXXXXXXXX
; XXXXXXXXXXXXXXXXXXXXXXXXXXXXXXXXXXXXXXXXXXXXXXXXXXXXXXXXXXXX
; XXXXXXXXXXXXXXXXXXXXXXXXXXXXXXXXXXXXXXXXXXXXXXXXXXXXXXXXXXXX
; XXXXXXXXXXXXXXXXXXXXXXXXXXXXXXXXXXXXXXXXXXXXXXXXXXXXXXXXXXXX
; XXXXXXXXXXXXXXXXXXXXXXXXXXXXXXXXXXXXXXXXXXXXXXXXXXXXXXXXXXXX
; XXXXXXXXXXXXXXXXXXXXXXXXXXXXXXXXXXXXXXXXXXXXXXXXXXXXXXXXXXXX
; XXXXXXXXXXXXXXXXXXXXXXXXXXXXXXXXXXXXXXXXXXXXXXXXXXXXXXXXXXXX
